2016-09-25 22:06:22,495 - Temperature_GF_Corridor  : 21.20000000
2016-09-25 22:06:22,503 - Temperature_GF_Toilet    : 20.50000000
2016-09-25 22:06:22,512 - Temperature_GF_Living    : 19.50000000
2016-09-25 22:06:22,525 - Temperature_GF_Kitchen   : 22.50000000
2016-09-25 22:06:22,531 - Temperature_FF_Bath      : 21.00000000
2016-09-25 22:06:22,536 - Temperature_FF_Office    : 19.20000000
2016-09-25 22:06:22,540 - Temperature_FF_Child     : 20.00000000
2016-09-25 22:06:22,545 - Temperature_FF_Bed       : 19.90000000
2016-09-25 22:10:00,046 - Temperature_GF_Corridor  : 21.40000000
2016-09-25 22:10:00,053 - Temperature_GF_Toilet    : 19.90000000
2016-09-25 22:10:00,058 - Temperature_GF_Living    : 18.90000000
2016-09-25 22:10:00,061 - Temperature_GF_Kitchen   : 21.20000000
2016-09-25 22:10:00,063 - Temperature_FF_Bath      : 19.80000000
2016-09-25 22:10:00,094 - Temperature_FF_Office    : 19.40000000
2016-09-25 22:10:00,096 - Temperature_FF_Child     : 21.80000000
2016-09-25 22:10:00,098 - Temperature_FF_Bed       : 21.80000000
2016-09-25 22:15:00,048 - Temperature_GF_Corridor  : 20.50000000
2016-09-25 22:15:00,051 - Temperature_GF_Living    : 19.80000000
2016-09-25 22:15:00,053 - Temperature_GF_Kitchen   : 20.70000000
2016-09-25 22:15:00,056 - Temperature_FF_Bath      : 21.20000000
2016-09-25 22:15:00,066 - Temperature_FF_Office    : 18.90000000
2016-09-25 22:15:00,069 - Temperature_FF_Child     : 21.60000000
2016-09-25 22:15:00,074 - Temperature_FF_Bed       : 21.20000000
2016-09-25 22:20:00,031 - Temperature_GF_Corridor  : 22.20000000
2016-09-25 22:20:00,035 - Temperature_GF_Toilet    : 21.50000000
2016-09-25 22:20:00,038 - Temperature_GF_Living    : 17.80000000
2016-09-25 22:20:00,044 - Temperature_GF_Kitchen   : 18.40000000
2016-09-25 22:20:00,052 - Temperature_FF_Bath      : 21.00000000
2016-09-25 22:20:00,053 - Temperature_FF_Office    : 22.00000000
2016-09-25 22:20:00,055 - Temperature_FF_Child     : 20.20000000
2016-09-25 22:20:00,057 - Temperature_FF_Bed       : 21.80000000
2016-09-25 22:25:00,044 - Temperature_GF_Corridor  : 19.30000000
2016-09-25 22:25:00,077 - Temperature_GF_Toilet    : 20.20000000
2016-09-25 22:25:00,081 - Temperature_GF_Living    : 22.40000000
2016-09-25 22:25:00,103 - Temperature_GF_Kitchen   : 18.30000000
2016-09-25 22:25:00,119 - Temperature_FF_Bath      : 20.70000000
2016-09-25 22:25:00,134 - Temperature_FF_Office    : 21.20000000
2016-09-25 22:25:00,138 - Temperature_FF_Child     : 20.90000000
2016-09-25 22:25:00,187 - Temperature_FF_Bed       : 21.70000000
2016-09-25 22:30:00,016 - Temperature_GF_Corridor  : 18.50000000
2016-09-25 22:30:00,019 - Temperature_GF_Toilet    : 20.50000000
2016-09-25 22:30:00,022 - Temperature_GF_Living    : 19.30000000
2016-09-25 22:30:00,029 - Temperature_GF_Kitchen   : 21.80000000
2016-09-25 22:30:00,031 - Temperature_FF_Bath      : 22.40000000
2016-09-25 22:30:00,032 - Temperature_FF_Office    : 19.40000000
2016-09-25 22:30:00,033 - Temperature_FF_Child     : 22.00000000
2016-09-25 22:30:00,035 - Temperature_FF_Bed       : 20.80000000
2016-09-25 22:35:00,026 - Temperature_GF_Corridor  : 18.90000000
2016-09-25 22:35:00,031 - Temperature_GF_Toilet    : 21.20000000
2016-09-25 22:35:00,035 - Temperature_GF_Living    : 18.10000000
2016-09-25 22:35:00,036 - Temperature_GF_Kitchen   : 20.60000000
2016-09-25 22:35:00,041 - Temperature_FF_Bath      : 19.10000000
2016-09-25 22:35:00,044 - Temperature_FF_Office    : 21.90000000
2016-09-25 22:35:00,046 - Temperature_FF_Child     : 18.40000000
2016-09-25 22:35:00,047 - Temperature_FF_Bed       : 19.30000000
2016-09-25 22:40:00,013 - Temperature_GF_Corridor  : 21.00000000
2016-09-25 22:40:00,014 - Temperature_GF_Toilet    : 19.40000000
2016-09-25 22:40:00,016 - Temperature_GF_Living    : 19.80000000
2016-09-25 22:40:00,017 - Temperature_GF_Kitchen   : 20.90000000
2016-09-25 22:40:00,018 - Temperature_FF_Bath      : 19.30000000
2016-09-25 22:40:00,019 - Temperature_FF_Office    : 19.40000000
2016-09-25 22:40:00,020 - Temperature_FF_Child     : 20.90000000
2016-09-25 22:40:00,021 - Temperature_FF_Bed       : 17.90000000
2016-09-25 22:45:00,018 - Temperature_GF_Corridor  : 21.80000000
2016-09-25 22:45:00,020 - Temperature_GF_Toilet    : 19.20000000
2016-09-25 22:45:00,023 - Temperature_GF_Living    : 17.90000000
2016-09-25 22:45:00,025 - Temperature_GF_Kitchen   : 21.30000000
2016-09-25 22:45:00,030 - Temperature_FF_Bath      : 21.60000000
2016-09-25 22:45:00,032 - Temperature_FF_Office    : 18.30000000
2016-09-25 22:45:00,034 - Temperature_FF_Child     : 20.50000000
2016-09-25 22:45:00,036 - Temperature_FF_Bed       : 19.00000000
2016-09-25 22:50:00,045 - Temperature_GF_Corridor  : 19.50000000
2016-09-25 22:50:00,046 - Temperature_GF_Toilet    : 20.10000000
2016-09-25 22:50:00,060 - Temperature_GF_Living    : 21.30000000
2016-09-25 22:50:00,064 - Temperature_GF_Kitchen   : 18.80000000
2016-09-25 22:50:00,066 - Temperature_FF_Bath      : 17.80000000
2016-09-25 22:50:00,069 - Temperature_FF_Office    : 22.30000000
2016-09-25 22:50:00,072 - Temperature_FF_Child     : 20.70000000
2016-09-25 22:50:00,078 - Temperature_FF_Bed       : 22.10000000
2016-09-25 22:55:00,014 - Temperature_GF_Corridor  : 21.30000000
2016-09-25 22:55:00,017 - Temperature_GF_Toilet    : 20.90000000
2016-09-25 22:55:00,020 - Temperature_GF_Living    : 18.70000000
2016-09-25 22:55:00,022 - Temperature_GF_Kitchen   : 21.30000000
2016-09-25 22:55:00,024 - Temperature_FF_Bath      : 17.70000000
2016-09-25 22:55:00,032 - Temperature_FF_Office    : 18.90000000
2016-09-25 22:55:00,035 - Temperature_FF_Child     : 19.10000000
2016-09-25 22:55:00,039 - Temperature_FF_Bed       : 19.60000000
2016-09-25 23:00:00,033 - Temperature_GF_Corridor  : 20.60000000
2016-09-25 23:00:00,038 - Temperature_GF_Toilet    : 18.40000000
2016-09-25 23:00:00,041 - Temperature_GF_Living    : 22.00000000
2016-09-25 23:00:00,051 - Temperature_FF_Bath      : 18.30000000
2016-09-25 23:00:00,059 - Temperature_FF_Office    : 18.60000000
2016-09-25 23:00:00,066 - Temperature_FF_Child     : 20.40000000
2016-09-25 23:00:00,068 - Temperature_FF_Bed       : 19.00000000
2016-09-25 23:05:00,017 - Temperature_GF_Corridor  : 19.30000000
2016-09-25 23:05:00,019 - Temperature_GF_Toilet    : 21.20000000
2016-09-25 23:05:00,022 - Temperature_GF_Living    : 19.90000000
2016-09-25 23:05:00,024 - Temperature_FF_Bath      : 22.30000000
2016-09-25 23:05:00,025 - Temperature_FF_Office    : 21.30000000
2016-09-25 23:05:00,029 - Temperature_FF_Child     : 21.30000000
2016-09-25 23:05:00,031 - Temperature_FF_Bed       : 21.30000000
2016-09-26 00:57:51,372 - Temperature_GF_Corridor  : 22.40000000
2016-09-26 00:57:51,379 - Temperature_GF_Toilet    : 21.90000000
2016-09-26 00:57:51,384 - Temperature_GF_Living    : 21.60000000
2016-09-26 00:57:51,391 - Temperature_GF_Kitchen   : 19.30000000
2016-09-26 00:57:51,396 - Temperature_FF_Bath      : 17.90000000
2016-09-26 00:57:51,404 - Temperature_FF_Office    : 18.60000000
2016-09-26 00:57:51,409 - Temperature_FF_Child     : 19.20000000
2016-09-26 00:57:51,414 - Temperature_FF_Bed       : 20.50000000
2016-09-26 01:00:00,015 - Temperature_GF_Corridor  : 21.00000000
2016-09-26 01:00:00,045 - Temperature_GF_Toilet    : 18.60000000
2016-09-26 01:00:00,051 - Temperature_GF_Living    : 18.40000000
2016-09-26 01:00:00,056 - Temperature_GF_Kitchen   : 17.70000000
2016-09-26 01:00:00,063 - Temperature_FF_Bath      : 20.50000000
2016-09-26 01:00:00,068 - Temperature_FF_Office    : 19.60000000
2016-09-26 01:00:00,073 - Temperature_FF_Child     : 19.80000000
2016-09-26 01:00:00,079 - Temperature_FF_Bed       : 20.60000000
2016-09-26 01:05:00,030 - Temperature_GF_Corridor  : 19.80000000
2016-09-26 01:05:00,035 - Temperature_GF_Toilet    : 21.30000000
2016-09-26 01:05:00,043 - Temperature_GF_Kitchen   : 18.00000000
2016-09-26 01:05:00,047 - Temperature_FF_Bath      : 21.60000000
2016-09-26 01:05:00,052 - Temperature_FF_Office    : 18.70000000
2016-09-26 01:05:00,060 - Temperature_FF_Child     : 18.40000000
2016-09-26 01:05:00,065 - Temperature_FF_Bed       : 20.80000000
2016-09-26 01:10:00,010 - Temperature_GF_Corridor  : 18.90000000
2016-09-26 01:10:00,025 - Temperature_GF_Toilet    : 20.80000000
2016-09-26 01:10:00,025 - Temperature_GF_Living    : 18.10000000
2016-09-26 01:10:00,025 - Temperature_GF_Kitchen   : 19.30000000
2016-09-26 01:10:00,025 - Temperature_FF_Bath      : 22.40000000
2016-09-26 01:10:00,025 - Temperature_FF_Office    : 22.40000000
2016-09-26 01:10:00,025 - Temperature_FF_Child     : 19.80000000
2016-09-26 01:17:59,612 - Temperature_GF_Corridor  : 21.20000000
2016-09-26 01:17:59,627 - Temperature_GF_Toilet    : 19.70000000
2016-09-26 01:17:59,627 - Temperature_GF_Living    : 19.50000000
2016-09-26 01:17:59,644 - Temperature_GF_Kitchen   : 19.80000000
2016-09-26 01:17:59,649 - Temperature_FF_Bath      : 17.60000000
2016-09-26 01:17:59,649 - Temperature_FF_Office    : 21.40000000
2016-09-26 01:17:59,649 - Temperature_FF_Child     : 17.60000000
2016-09-26 01:17:59,665 - Temperature_FF_Bed       : 21.20000000
2016-09-26 01:19:26,027 - Temperature_GF_Corridor  : 21.60000000
2016-09-26 01:19:26,037 - Temperature_GF_Toilet    : 18.50000000
2016-09-26 01:19:26,045 - Temperature_GF_Living    : 17.90000000
2016-09-26 01:19:26,052 - Temperature_GF_Kitchen   : 18.10000000
2016-09-26 01:19:26,059 - Temperature_FF_Bath      : 21.30000000
2016-09-26 01:19:26,065 - Temperature_FF_Office    : 21.60000000
2016-09-26 01:19:26,078 - Temperature_FF_Child     : 17.90000000
2016-09-26 01:19:26,084 - Temperature_FF_Bed       : 18.20000000
2016-09-26 01:20:56,182 - Temperature_GF_Corridor  : 19.20000000
2016-09-26 01:20:56,188 - Temperature_GF_Toilet    : 19.60000000
2016-09-26 01:20:56,194 - Temperature_GF_Living    : 22.10000000
2016-09-26 01:20:56,200 - Temperature_GF_Kitchen   : 21.90000000
2016-09-26 01:20:56,205 - Temperature_FF_Bath      : 18.00000000
2016-09-26 01:20:56,217 - Temperature_FF_Office    : 18.00000000
2016-09-26 01:20:56,222 - Temperature_FF_Child     : 22.20000000
2016-09-26 01:20:56,228 - Temperature_FF_Bed       : 19.70000000
2016-09-26 01:25:00,042 - Temperature_GF_Corridor  : 22.20000000
2016-09-26 01:25:00,047 - Temperature_GF_Toilet    : 21.60000000
2016-09-26 01:25:00,054 - Temperature_GF_Living    : 18.00000000
2016-09-26 01:25:00,061 - Temperature_GF_Kitchen   : 20.00000000
2016-09-26 01:25:00,065 - Temperature_FF_Bath      : 19.70000000
2016-09-26 01:25:00,070 - Temperature_FF_Office    : 19.50000000
2016-09-26 01:25:00,074 - Temperature_FF_Child     : 17.60000000
2016-09-26 01:25:00,079 - Temperature_FF_Bed       : 20.60000000
2016-09-26 01:30:00,077 - Temperature_GF_Corridor  : 21.40000000
2016-09-26 01:30:00,093 - Temperature_GF_Toilet    : 19.50000000
2016-09-26 01:30:00,093 - Temperature_GF_Living    : 18.90000000
2016-09-26 01:30:00,108 - Temperature_FF_Bath      : 18.60000000
2016-09-26 01:30:00,108 - Temperature_FF_Office    : 21.90000000
2016-09-26 01:30:00,108 - Temperature_FF_Child     : 21.70000000
2016-09-26 01:30:00,124 - Temperature_FF_Bed       : 21.80000000
2016-09-26 01:35:00,041 - Temperature_GF_Corridor  : 19.70000000
2016-09-26 01:35:00,056 - Temperature_GF_Toilet    : 19.60000000
2016-09-26 01:35:00,087 - Temperature_GF_Living    : 21.60000000
2016-09-26 01:35:00,103 - Temperature_GF_Kitchen   : 19.90000000
2016-09-26 01:35:00,103 - Temperature_FF_Bath      : 21.80000000
2016-09-26 01:35:00,103 - Temperature_FF_Office    : 19.30000000
2016-09-26 01:35:00,119 - Temperature_FF_Child     : 21.00000000
2016-09-26 01:35:00,119 - Temperature_FF_Bed       : 21.60000000
2016-09-26 01:40:00,001 - Temperature_GF_Corridor  : 20.60000000
2016-09-26 01:40:00,017 - Temperature_GF_Toilet    : 19.10000000
2016-09-26 01:40:00,033 - Temperature_GF_Living    : 21.70000000
2016-09-26 01:40:00,033 - Temperature_GF_Kitchen   : 17.70000000
2016-09-26 01:40:00,033 - Temperature_FF_Bath      : 20.70000000
2016-09-26 01:40:00,033 - Temperature_FF_Office    : 19.10000000
2016-09-26 01:40:00,048 - Temperature_FF_Child     : 22.50000000
2016-09-26 01:40:00,048 - Temperature_FF_Bed       : 18.30000000
2016-09-26 01:45:00,029 - Temperature_GF_Corridor  : 21.20000000
2016-09-26 01:45:00,060 - Temperature_GF_Toilet    : 17.60000000
2016-09-26 01:45:00,060 - Temperature_GF_Living    : 18.30000000
2016-09-26 01:45:00,060 - Temperature_GF_Kitchen   : 19.30000000
2016-09-26 01:45:00,082 - Temperature_FF_Bath      : 22.40000000
2016-09-26 01:45:00,082 - Temperature_FF_Office    : 20.20000000
2016-09-26 01:45:00,098 - Temperature_FF_Child     : 20.80000000
2016-09-26 01:50:00,042 - Temperature_GF_Corridor  : 21.10000000
2016-09-26 01:50:00,058 - Temperature_GF_Toilet    : 21.00000000
2016-09-26 01:50:00,073 - Temperature_GF_Living    : 21.30000000
2016-09-26 01:50:00,089 - Temperature_GF_Kitchen   : 21.90000000
2016-09-26 01:50:00,118 - Temperature_FF_Bath      : 20.40000000
2016-09-26 01:50:00,151 - Temperature_FF_Office    : 21.40000000
2016-09-26 01:50:00,156 - Temperature_FF_Child     : 19.10000000
2016-09-26 01:50:00,163 - Temperature_FF_Bed       : 21.90000000
2016-09-26 01:55:00,047 - Temperature_GF_Corridor  : 19.50000000
2016-09-26 01:55:00,053 - Temperature_GF_Living    : 20.10000000
2016-09-26 01:55:00,058 - Temperature_GF_Kitchen   : 19.20000000
2016-09-26 01:55:00,062 - Temperature_FF_Bath      : 22.20000000
2016-09-26 01:55:00,065 - Temperature_FF_Office    : 18.10000000
2016-09-26 01:55:00,069 - Temperature_FF_Child     : 22.50000000
2016-09-26 01:55:00,073 - Temperature_FF_Bed       : 18.10000000
2016-09-26 02:00:00,046 - Temperature_GF_Toilet    : 18.10000000
2016-09-26 02:00:00,049 - Temperature_GF_Living    : 22.50000000
2016-09-26 02:00:00,052 - Temperature_GF_Kitchen   : 21.50000000
2016-09-26 02:00:00,056 - Temperature_FF_Bath      : 19.50000000
2016-09-26 02:00:00,060 - Temperature_FF_Office    : 18.70000000
2016-09-26 02:00:00,063 - Temperature_FF_Child     : 17.80000000
2016-09-26 02:00:00,065 - Temperature_FF_Bed       : 19.20000000
2016-09-26 02:05:00,039 - Temperature_GF_Corridor  : 21.90000000
2016-09-26 02:05:00,043 - Temperature_GF_Toilet    : 20.90000000
2016-09-26 02:05:00,046 - Temperature_GF_Living    : 19.40000000
2016-09-26 02:05:00,050 - Temperature_GF_Kitchen   : 19.20000000
2016-09-26 02:05:00,053 - Temperature_FF_Bath      : 17.70000000
2016-09-26 02:05:00,056 - Temperature_FF_Office    : 18.90000000
2016-09-26 02:05:00,059 - Temperature_FF_Child     : 17.60000000
2016-09-26 02:05:00,062 - Temperature_FF_Bed       : 19.80000000
2016-09-26 02:10:00,042 - Temperature_GF_Corridor  : 21.70000000
2016-09-26 02:10:00,046 - Temperature_GF_Toilet    : 21.40000000
2016-09-26 02:10:00,050 - Temperature_GF_Living    : 21.50000000
2016-09-26 02:10:00,054 - Temperature_GF_Kitchen   : 20.20000000
2016-09-26 02:10:00,057 - Temperature_FF_Bath      : 21.30000000
2016-09-26 02:10:00,062 - Temperature_FF_Office    : 21.90000000
2016-09-26 02:10:00,067 - Temperature_FF_Child     : 21.20000000
2016-09-26 02:10:00,070 - Temperature_FF_Bed       : 19.20000000
2016-09-26 02:15:00,038 - Temperature_GF_Corridor  : 22.40000000
2016-09-26 02:15:00,043 - Temperature_GF_Toilet    : 20.70000000
2016-09-26 02:15:00,046 - Temperature_GF_Living    : 21.60000000
2016-09-26 02:15:00,050 - Temperature_GF_Kitchen   : 18.00000000
2016-09-26 02:15:00,064 - Temperature_FF_Bath      : 19.60000000
2016-09-26 02:15:00,068 - Temperature_FF_Office    : 18.90000000
2016-09-26 02:15:00,071 - Temperature_FF_Child     : 19.20000000
2016-09-26 02:15:00,076 - Temperature_FF_Bed       : 17.70000000
2016-09-26 02:20:00,026 - Temperature_GF_Corridor  : 22.00000000
2016-09-26 02:20:00,062 - Temperature_GF_Toilet    : 18.40000000
2016-09-26 02:20:00,087 - Temperature_GF_Living    : 20.50000000
2016-09-26 02:20:00,090 - Temperature_GF_Kitchen   : 21.60000000
2016-09-26 02:20:00,094 - Temperature_FF_Bath      : 17.70000000
2016-09-26 02:20:00,097 - Temperature_FF_Office    : 17.80000000
2016-09-26 02:20:00,100 - Temperature_FF_Child     : 19.70000000
2016-09-26 02:20:00,128 - Temperature_FF_Bed       : 19.90000000
2016-09-26 02:25:00,020 - Temperature_GF_Corridor  : 20.40000000
2016-09-26 02:25:00,022 - Temperature_GF_Toilet    : 22.00000000
2016-09-26 02:25:00,025 - Temperature_GF_Living    : 18.20000000
2016-09-26 02:25:00,027 - Temperature_GF_Kitchen   : 18.90000000
2016-09-26 02:25:00,028 - Temperature_FF_Bath      : 19.00000000
2016-09-26 02:25:00,030 - Temperature_FF_Office    : 20.40000000
2016-09-26 02:25:00,031 - Temperature_FF_Child     : 22.40000000
2016-09-26 02:25:00,033 - Temperature_FF_Bed       : 22.10000000
2016-09-26 02:30:00,017 - Temperature_GF_Corridor  : 17.70000000
2016-09-26 02:30:00,018 - Temperature_GF_Toilet    : 18.00000000
2016-09-26 02:30:00,019 - Temperature_GF_Living    : 20.70000000
2016-09-26 02:30:00,021 - Temperature_GF_Kitchen   : 21.20000000
2016-09-26 02:30:00,022 - Temperature_FF_Bath      : 21.80000000
2016-09-26 02:30:00,023 - Temperature_FF_Office    : 18.40000000
2016-09-26 02:30:00,025 - Temperature_FF_Child     : 19.10000000
2016-09-26 02:30:00,026 - Temperature_FF_Bed       : 19.60000000
2016-09-26 02:35:00,025 - Temperature_GF_Corridor  : 17.70000000
2016-09-26 02:35:00,027 - Temperature_GF_Toilet    : 21.90000000
2016-09-26 02:35:00,028 - Temperature_GF_Living    : 21.60000000
2016-09-26 02:35:00,030 - Temperature_GF_Kitchen   : 22.00000000
2016-09-26 02:35:00,032 - Temperature_FF_Bath      : 19.30000000
2016-09-26 02:35:00,033 - Temperature_FF_Office    : 21.60000000
2016-09-26 02:35:00,035 - Temperature_FF_Child     : 20.60000000
2016-09-26 02:35:00,036 - Temperature_FF_Bed       : 18.80000000
2016-09-26 02:40:00,011 - Temperature_GF_Corridor  : 21.40000000
2016-09-26 02:40:00,013 - Temperature_GF_Toilet    : 22.10000000
2016-09-26 02:40:00,014 - Temperature_GF_Living    : 21.20000000
2016-09-26 02:40:00,016 - Temperature_GF_Kitchen   : 21.10000000
2016-09-26 02:40:00,018 - Temperature_FF_Bath      : 21.20000000
2016-09-26 02:40:00,020 - Temperature_FF_Office    : 21.70000000
2016-09-26 02:40:00,022 - Temperature_FF_Child     : 21.30000000
2016-09-26 02:40:00,024 - Temperature_FF_Bed       : 21.90000000
2016-09-26 02:43:38,790 - Temperature_GF_Corridor  : 22.30000000
2016-09-26 02:43:38,798 - Temperature_GF_Toilet    : 20.60000000
2016-09-26 02:43:38,800 - Temperature_GF_Living    : 18.00000000
2016-09-26 02:43:38,803 - Temperature_GF_Kitchen   : 20.90000000
2016-09-26 02:43:38,805 - Temperature_FF_Bath      : 22.10000000
2016-09-26 02:43:38,809 - Temperature_FF_Office    : 18.20000000
2016-09-26 02:43:38,812 - Temperature_FF_Child     : 20.90000000
2016-09-26 02:43:38,814 - Temperature_FF_Bed       : 18.90000000
2016-09-26 02:45:00,090 - Temperature_GF_Corridor  : 19.80000000
2016-09-26 02:45:00,092 - Temperature_GF_Toilet    : 18.90000000
2016-09-26 02:45:00,097 - Temperature_GF_Living    : 18.60000000
2016-09-26 02:45:00,100 - Temperature_GF_Kitchen   : 18.60000000
2016-09-26 02:45:00,102 - Temperature_FF_Bath      : 21.40000000
2016-09-26 02:45:00,105 - Temperature_FF_Office    : 20.40000000
2016-09-26 02:45:00,107 - Temperature_FF_Child     : 17.60000000
2016-09-26 02:45:00,109 - Temperature_FF_Bed       : 20.40000000
2016-09-26 02:49:46,005 - Temperature_GF_Corridor  : 21.00000000
2016-09-26 02:49:46,009 - Temperature_GF_Toilet    : 18.50000000
2016-09-26 02:49:46,011 - Temperature_GF_Living    : 18.50000000
2016-09-26 02:49:46,014 - Temperature_GF_Kitchen   : 21.00000000
2016-09-26 02:49:46,016 - Temperature_FF_Bath      : 21.90000000
2016-09-26 02:49:46,018 - Temperature_FF_Office    : 20.80000000
2016-09-26 02:49:46,021 - Temperature_FF_Child     : 18.00000000
2016-09-26 02:49:46,024 - Temperature_FF_Bed       : 21.90000000
2016-09-26 02:50:00,278 - Temperature_GF_Corridor  : 22.10000000
2016-09-26 02:50:00,281 - Temperature_GF_Toilet    : 18.30000000
2016-09-26 02:50:00,284 - Temperature_GF_Living    : 20.90000000
2016-09-26 02:50:00,286 - Temperature_GF_Kitchen   : 20.50000000
2016-09-26 02:50:00,289 - Temperature_FF_Bath      : 18.00000000
2016-09-26 02:50:00,291 - Temperature_FF_Office    : 20.30000000
2016-09-26 02:50:00,295 - Temperature_FF_Child     : 18.70000000
2016-09-26 02:50:00,297 - Temperature_FF_Bed       : 21.80000000
2016-09-26 02:55:00,084 - Temperature_GF_Corridor  : 20.20000000
2016-09-26 02:55:00,088 - Temperature_GF_Toilet    : 18.90000000
2016-09-26 02:55:00,090 - Temperature_GF_Living    : 19.70000000
2016-09-26 02:55:00,092 - Temperature_GF_Kitchen   : 22.50000000
2016-09-26 02:55:00,093 - Temperature_FF_Bath      : 21.00000000
2016-09-26 02:55:00,095 - Temperature_FF_Office    : 20.80000000
2016-09-26 02:55:00,097 - Temperature_FF_Child     : 17.90000000
2016-09-26 02:55:00,098 - Temperature_FF_Bed       : 20.40000000
2016-09-26 03:00:00,132 - Temperature_GF_Corridor  : 21.00000000
2016-09-26 03:00:00,134 - Temperature_GF_Toilet    : 20.50000000
2016-09-26 03:00:00,135 - Temperature_GF_Living    : 17.80000000
2016-09-26 03:00:00,136 - Temperature_GF_Kitchen   : 20.20000000
2016-09-26 03:00:00,138 - Temperature_FF_Bath      : 21.40000000
2016-09-26 03:00:00,140 - Temperature_FF_Child     : 20.30000000
2016-09-26 03:00:00,141 - Temperature_FF_Bed       : 21.90000000
2016-09-26 03:01:31,052 - Temperature_GF_Corridor  : 20.80000000
2016-09-26 03:01:31,056 - Temperature_GF_Toilet    : 18.40000000
2016-09-26 03:01:31,060 - Temperature_GF_Living    : 17.90000000
2016-09-26 03:01:31,063 - Temperature_GF_Kitchen   : 20.20000000
2016-09-26 03:01:31,068 - Temperature_FF_Bath      : 20.60000000
2016-09-26 03:01:31,072 - Temperature_FF_Office    : 20.00000000
2016-09-26 03:01:31,075 - Temperature_FF_Child     : 19.30000000
2016-09-26 03:01:31,079 - Temperature_FF_Bed       : 17.90000000
2016-09-26 03:05:00,004 - Temperature_GF_Corridor  : 19.20000000
2016-09-26 03:05:00,014 - Temperature_GF_Toilet    : 20.90000000
2016-09-26 03:05:00,016 - Temperature_GF_Living    : 20.80000000
2016-09-26 03:05:00,018 - Temperature_GF_Kitchen   : 19.70000000
2016-09-26 03:05:00,020 - Temperature_FF_Bath      : 20.40000000
2016-09-26 03:05:00,023 - Temperature_FF_Office    : 18.70000000
2016-09-26 03:05:00,025 - Temperature_FF_Child     : 20.80000000
2016-09-26 03:05:00,027 - Temperature_FF_Bed       : 20.60000000
2016-09-26 03:10:00,012 - Temperature_GF_Corridor  : 20.10000000
2016-09-26 03:10:00,020 - Temperature_GF_Toilet    : 18.70000000
2016-09-26 03:10:00,023 - Temperature_GF_Living    : 21.00000000
2016-09-26 03:10:00,025 - Temperature_GF_Kitchen   : 21.70000000
2016-09-26 03:10:00,027 - Temperature_FF_Bath      : 19.80000000
2016-09-26 03:10:00,029 - Temperature_FF_Office    : 19.20000000
2016-09-26 03:10:00,031 - Temperature_FF_Bed       : 21.40000000
2016-09-26 03:10:57,172 - Temperature_GF_Corridor  : 20.10000000
2016-09-26 03:10:57,175 - Temperature_GF_Toilet    : 19.00000000
2016-09-26 03:10:57,182 - Temperature_GF_Living    : 18.00000000
2016-09-26 03:10:57,184 - Temperature_GF_Kitchen   : 20.50000000
2016-09-26 03:10:57,186 - Temperature_FF_Bath      : 18.90000000
2016-09-26 03:10:57,188 - Temperature_FF_Office    : 22.20000000
2016-09-26 03:10:57,191 - Temperature_FF_Child     : 20.10000000
2016-09-26 03:10:57,193 - Temperature_FF_Bed       : 20.70000000
2016-09-26 03:15:00,031 - Temperature_GF_Corridor  : 20.90000000
2016-09-26 03:15:00,035 - Temperature_GF_Toilet    : 20.00000000
2016-09-26 03:15:00,037 - Temperature_GF_Living    : 20.80000000
2016-09-26 03:15:00,040 - Temperature_GF_Kitchen   : 22.20000000
2016-09-26 03:15:00,041 - Temperature_FF_Bath      : 20.00000000
2016-09-26 03:15:00,045 - Temperature_FF_Office    : 21.00000000
2016-09-26 03:15:00,047 - Temperature_FF_Child     : 22.20000000
2016-09-26 03:15:00,049 - Temperature_FF_Bed       : 22.30000000
2016-09-26 03:20:00,005 - Temperature_GF_Corridor  : 22.00000000
2016-09-26 03:20:00,009 - Temperature_GF_Toilet    : 20.50000000
2016-09-26 03:20:00,018 - Temperature_GF_Living    : 19.70000000
2016-09-26 03:20:00,020 - Temperature_GF_Kitchen   : 19.80000000
2016-09-26 03:20:00,022 - Temperature_FF_Bath      : 18.40000000
2016-09-26 03:20:00,025 - Temperature_FF_Office    : 21.20000000
2016-09-26 03:20:00,028 - Temperature_FF_Child     : 17.60000000
2016-09-26 03:20:00,030 - Temperature_FF_Bed       : 21.90000000
2016-09-26 03:20:56,140 - Temperature_GF_Corridor  : 18.70000000
2016-09-26 03:20:56,143 - Temperature_GF_Toilet    : 21.80000000
2016-09-26 03:20:56,146 - Temperature_GF_Living    : 19.00000000
2016-09-26 03:20:56,148 - Temperature_GF_Kitchen   : 17.60000000
2016-09-26 03:20:56,150 - Temperature_FF_Bath      : 18.70000000
2016-09-26 03:20:56,154 - Temperature_FF_Office    : 18.50000000
2016-09-26 03:20:56,156 - Temperature_FF_Child     : 19.70000000
2016-09-26 03:20:56,158 - Temperature_FF_Bed       : 21.70000000
2016-09-26 03:25:00,019 - Temperature_GF_Corridor  : 22.00000000
2016-09-26 03:25:00,031 - Temperature_GF_Toilet    : 19.60000000
2016-09-26 03:25:00,036 - Temperature_GF_Living    : 20.10000000
2016-09-26 03:25:00,043 - Temperature_GF_Kitchen   : 18.90000000
2016-09-26 03:25:00,045 - Temperature_FF_Bath      : 18.30000000
2016-09-26 03:25:00,048 - Temperature_FF_Office    : 19.10000000
2016-09-26 03:25:00,050 - Temperature_FF_Child     : 21.70000000
2016-09-26 03:25:00,053 - Temperature_FF_Bed       : 18.10000000
2016-09-26 03:30:00,025 - Temperature_GF_Corridor  : 19.90000000
2016-09-26 03:30:00,028 - Temperature_GF_Toilet    : 22.30000000
2016-09-26 03:30:00,031 - Temperature_GF_Living    : 22.00000000
2016-09-26 03:30:00,033 - Temperature_GF_Kitchen   : 20.70000000
2016-09-26 03:30:00,035 - Temperature_FF_Bath      : 18.00000000
2016-09-26 03:30:00,037 - Temperature_FF_Office    : 21.70000000
2016-09-26 03:30:00,039 - Temperature_FF_Child     : 21.40000000
2016-09-26 03:30:00,041 - Temperature_FF_Bed       : 21.00000000
2016-09-26 03:35:00,025 - Temperature_GF_Corridor  : 21.70000000
2016-09-26 03:35:00,027 - Temperature_GF_Toilet    : 17.80000000
2016-09-26 03:35:00,029 - Temperature_GF_Living    : 20.20000000
2016-09-26 03:35:00,032 - Temperature_GF_Kitchen   : 19.90000000
2016-09-26 03:35:00,034 - Temperature_FF_Bath      : 20.50000000
2016-09-26 03:35:00,037 - Temperature_FF_Office    : 21.10000000
2016-09-26 03:35:00,046 - Temperature_FF_Child     : 19.90000000
2016-09-26 03:35:00,058 - Temperature_FF_Bed       : 19.40000000
2016-09-26 03:40:00,011 - Temperature_GF_Corridor  : 20.90000000
2016-09-26 03:40:00,021 - Temperature_GF_Toilet    : 21.70000000
2016-09-26 03:40:00,030 - Temperature_GF_Living    : 19.60000000
2016-09-26 03:40:00,036 - Temperature_GF_Kitchen   : 20.10000000
2016-09-26 03:40:00,040 - Temperature_FF_Bath      : 18.00000000
2016-09-26 03:40:00,044 - Temperature_FF_Office    : 18.40000000
2016-09-26 03:40:00,048 - Temperature_FF_Child     : 18.30000000
2016-09-26 03:40:00,052 - Temperature_FF_Bed       : 18.70000000
2016-09-26 03:45:00,005 - Temperature_GF_Corridor  : 18.00000000
2016-09-26 03:45:00,029 - Temperature_GF_Toilet    : 18.70000000
2016-09-26 03:45:00,041 - Temperature_GF_Living    : 21.10000000
2016-09-26 03:45:00,049 - Temperature_GF_Kitchen   : 20.00000000
2016-09-26 03:45:00,054 - Temperature_FF_Bath      : 19.40000000
2016-09-26 03:45:00,057 - Temperature_FF_Office    : 19.30000000
2016-09-26 03:45:00,060 - Temperature_FF_Child     : 18.20000000
2016-09-26 03:45:00,062 - Temperature_FF_Bed       : 17.60000000
2016-09-26 03:50:00,014 - Temperature_GF_Corridor  : 22.30000000
2016-09-26 03:50:00,025 - Temperature_GF_Toilet    : 18.30000000
2016-09-26 03:50:00,027 - Temperature_GF_Living    : 22.20000000
2016-09-26 03:50:00,029 - Temperature_GF_Kitchen   : 19.10000000
2016-09-26 03:50:00,032 - Temperature_FF_Bath      : 18.60000000
2016-09-26 03:50:00,034 - Temperature_FF_Office    : 18.20000000
2016-09-26 03:50:00,036 - Temperature_FF_Child     : 18.10000000
2016-09-26 03:50:00,039 - Temperature_FF_Bed       : 18.10000000
2016-09-26 03:55:23,715 - Temperature_GF_Corridor  : 17.80000000
2016-09-26 03:55:23,719 - Temperature_GF_Toilet    : 19.00000000
2016-09-26 03:55:23,723 - Temperature_GF_Living    : 22.50000000
2016-09-26 03:55:23,725 - Temperature_GF_Kitchen   : 20.20000000
2016-09-26 03:55:23,729 - Temperature_FF_Bath      : 19.30000000
2016-09-26 03:55:23,731 - Temperature_FF_Office    : 21.70000000
2016-09-26 03:55:23,734 - Temperature_FF_Child     : 17.70000000
2016-09-26 03:55:23,737 - Temperature_FF_Bed       : 21.80000000
2016-09-26 03:59:16,492 - Temperature_GF_Corridor  : 21.80000000
2016-09-26 03:59:16,499 - Temperature_GF_Toilet    : 20.40000000
2016-09-26 03:59:16,505 - Temperature_GF_Living    : 21.60000000
2016-09-26 03:59:16,519 - Temperature_GF_Kitchen   : 21.70000000
2016-09-26 03:59:16,529 - Temperature_FF_Bath      : 20.60000000
2016-09-26 03:59:16,537 - Temperature_FF_Office    : 18.20000000
2016-09-26 03:59:16,547 - Temperature_FF_Child     : 19.80000000
2016-09-26 03:59:16,556 - Temperature_FF_Bed       : 18.40000000
2016-09-26 04:00:00,062 - Temperature_GF_Corridor  : 21.20000000
2016-09-26 04:00:00,062 - Temperature_GF_Toilet    : 19.10000000
2016-09-26 04:00:00,093 - Temperature_GF_Living    : 21.00000000
2016-09-26 04:00:00,146 - Temperature_GF_Kitchen   : 18.20000000
2016-09-26 04:00:00,178 - Temperature_FF_Bath      : 20.50000000
2016-09-26 04:00:00,193 - Temperature_FF_Office    : 19.00000000
2016-09-26 04:00:00,211 - Temperature_FF_Child     : 20.90000000
2016-09-26 04:00:00,218 - Temperature_FF_Bed       : 21.50000000
2016-09-26 20:16:24,120 - Temperature_GF_Corridor  : 20.30000000
2016-09-26 20:16:24,143 - Temperature_GF_Toilet    : 20.20000000
2016-09-26 20:16:24,143 - Temperature_GF_Living    : 22.00000000
2016-09-26 20:16:24,143 - Temperature_GF_Kitchen   : 22.40000000
2016-09-26 20:16:24,143 - Temperature_FF_Bath      : 20.20000000
2016-09-26 20:16:24,158 - Temperature_FF_Office    : 21.50000000
2016-09-26 20:16:24,158 - Temperature_FF_Child     : 22.20000000
2016-09-26 20:16:24,158 - Temperature_FF_Bed       : 21.00000000
2016-09-26 20:20:30,078 - Temperature_GF_Corridor  : 20.10000000
2016-09-26 20:20:30,081 - Temperature_GF_Toilet    : 22.40000000
2016-09-26 20:20:30,084 - Temperature_GF_Living    : 19.70000000
2016-09-26 20:20:30,087 - Temperature_GF_Kitchen   : 19.60000000
2016-09-26 20:20:30,091 - Temperature_FF_Bath      : 22.30000000
2016-09-26 20:20:30,093 - Temperature_FF_Office    : 22.50000000
2016-09-26 20:20:30,095 - Temperature_FF_Child     : 22.30000000
2016-09-26 20:20:30,097 - Temperature_FF_Bed       : 22.20000000
2016-09-26 20:25:00,075 - Temperature_GF_Corridor  : 20.80000000
2016-09-26 20:25:00,077 - Temperature_GF_Toilet    : 21.50000000
2016-09-26 20:25:00,080 - Temperature_GF_Living    : 21.80000000
2016-09-26 20:25:00,084 - Temperature_GF_Kitchen   : 20.80000000
2016-09-26 20:25:00,088 - Temperature_FF_Bath      : 17.70000000
2016-09-26 20:25:00,092 - Temperature_FF_Office    : 21.50000000
2016-09-26 20:25:00,095 - Temperature_FF_Child     : 20.90000000
2016-09-26 20:25:00,106 - Temperature_FF_Bed       : 21.90000000
2016-09-26 20:30:00,027 - Temperature_GF_Corridor  : 22.10000000
2016-09-26 20:30:00,031 - Temperature_GF_Toilet    : 20.60000000
2016-09-26 20:30:00,033 - Temperature_GF_Living    : 21.00000000
2016-09-26 20:30:00,037 - Temperature_GF_Kitchen   : 19.50000000
2016-09-26 20:30:00,040 - Temperature_FF_Bath      : 20.00000000
2016-09-26 20:30:00,046 - Temperature_FF_Office    : 18.60000000
2016-09-26 20:30:00,051 - Temperature_FF_Child     : 18.80000000
2016-09-26 20:30:00,057 - Temperature_FF_Bed       : 17.70000000
2016-09-26 20:35:00,023 - Temperature_GF_Corridor  : 20.80000000
2016-09-26 20:35:00,025 - Temperature_GF_Toilet    : 18.90000000
2016-09-26 20:35:00,027 - Temperature_GF_Living    : 22.20000000
2016-09-26 20:35:00,029 - Temperature_GF_Kitchen   : 17.60000000
2016-09-26 20:35:00,031 - Temperature_FF_Bath      : 18.80000000
2016-09-26 20:35:00,034 - Temperature_FF_Office    : 20.20000000
2016-09-26 20:35:00,035 - Temperature_FF_Child     : 21.80000000
2016-09-26 20:35:00,037 - Temperature_FF_Bed       : 18.50000000
2016-09-26 20:40:00,053 - Temperature_GF_Corridor  : 17.80000000
2016-09-26 20:40:00,066 - Temperature_GF_Toilet    : 20.20000000
2016-09-26 20:40:00,071 - Temperature_GF_Living    : 21.50000000
2016-09-26 20:40:00,085 - Temperature_GF_Kitchen   : 18.60000000
2016-09-26 20:40:00,089 - Temperature_FF_Bath      : 21.20000000
2016-09-26 20:40:00,099 - Temperature_FF_Office    : 19.00000000
2016-09-26 20:40:00,102 - Temperature_FF_Child     : 20.90000000
2016-09-26 20:40:00,108 - Temperature_FF_Bed       : 20.90000000
2016-09-26 20:45:12,138 - Temperature_GF_Corridor  : 18.50000000
2016-09-26 20:45:12,153 - Temperature_GF_Toilet    : 22.00000000
2016-09-26 20:45:12,164 - Temperature_GF_Living    : 19.70000000
2016-09-26 20:45:12,170 - Temperature_GF_Kitchen   : 19.40000000
2016-09-26 20:45:12,182 - Temperature_FF_Bath      : 21.30000000
2016-09-26 20:45:12,188 - Temperature_FF_Office    : 19.40000000
2016-09-26 20:45:12,196 - Temperature_FF_Child     : 18.50000000
2016-09-26 20:45:12,202 - Temperature_FF_Bed       : 20.60000000
